<html>
<head>
<title>TestNG:  testngTest</title>
<link href="../testng.css" rel="stylesheet" type="text/css" />
<link href="../my-testng.css" rel="stylesheet" type="text/css" />

<style type="text/css">
.log { display: none;} 
.stack-trace { display: none;} 
</style>
<script type="text/javascript">
<!--
function flip(e) {
  current = e.style.display;
  if (current == 'block') {
    e.style.display = 'none';
    return 0;
  }
  else {
    e.style.display = 'block';
    return 1;
  }
}

function toggleBox(szDivId, elem, msg1, msg2)
{
  var res = -1;  if (document.getElementById) {
    res = flip(document.getElementById(szDivId));
  }
  else if (document.all) {
    // this is the way old msie versions work
    res = flip(document.all[szDivId]);
  }
  if(elem) {
    if(res == 0) elem.innerHTML = msg1; else elem.innerHTML = msg2;
  }

}

function toggleAllBoxes() {
  if (document.getElementsByTagName) {
    d = document.getElementsByTagName('div');
    for (i = 0; i < d.length; i++) {
      if (d[i].className == 'log') {
        flip(d[i]);
      }
    }
  }
}

// -->
</script>

</head>
<body>
<h2 align='center'>testngTest</h2><table border='1' align="center">
<tr>
<td>Tests passed/Failed/Skipped:</td><td>8/0/1</td>
</tr><tr>
<td>Started on:</td><td>Wed Feb 09 13:59:58 EST 2022</td>
</tr>
<tr><td>Total time:</td><td>0 seconds (45 ms)</td>
</tr><tr>
<td>Included groups:</td><td></td>
</tr><tr>
<td>Excluded groups:</td><td></td>
</tr>
</table><p/>
<small><i>(Hover the method name to see the test class name)</i></small><p/>
<table width='100%' border='1' class='invocation-passed'>
<tr><td colspan='4' align='center'><b>PASSED TESTS</b></td></tr>
<tr><td><b>Test method</b></td>
<td width="30%"><b>Exception</b></td>
<td width="10%"><b>Time (seconds)</b></td>
<td><b>Instance</b></td>
</tr>
<tr>
<td title='practice_TestNg.Testcase1_page.exception_test()'><b>exception_test</b><br>Test class: practice_TestNg.Testcase1_page</td>
<td><div><pre>java.lang.ArithmeticException: / by zero
	at practice_TestNg.Testcase1_page.exception_test(Testcase1_page.java:73)
... Removed 25 stack frames</pre></div><a href='#' onClick='toggleBox("stack-trace2048834776", this, "Click to show all stack frames", "Click to hide stack frames")'>Click to show all stack frames</a>
<div class='stack-trace' id='stack-trace2048834776'><pre>java.lang.ArithmeticException: / by zero
	at practice_TestNg.Testcase1_page.exception_test(Testcase1_page.java:73)
	at sun.reflect.NativeMethodAccessorImpl.invoke0(Native Method)
	at sun.reflect.NativeMethodAccessorImpl.invoke(Unknown Source)
	at sun.reflect.DelegatingMethodAccessorImpl.invoke(Unknown Source)
	at java.lang.reflect.Method.invoke(Unknown Source)
	at org.testng.internal.MethodInvocationHelper.invokeMethod(MethodInvocationHelper.java:108)
	at org.testng.internal.Invoker.invokeMethod(Invoker.java:661)
	at org.testng.internal.Invoker.invokeTestMethod(Invoker.java:869)
	at org.testng.internal.Invoker.invokeTestMethods(Invoker.java:1193)
	at org.testng.internal.TestMethodWorker.invokeTestMethods(TestMethodWorker.java:126)
	at org.testng.internal.TestMethodWorker.run(TestMethodWorker.java:109)
	at org.testng.TestRunner.privateRun(TestRunner.java:744)
	at org.testng.TestRunner.run(TestRunner.java:602)
	at org.testng.SuiteRunner.runTest(SuiteRunner.java:380)
	at org.testng.SuiteRunner.runSequentially(SuiteRunner.java:375)
	at org.testng.SuiteRunner.privateRun(SuiteRunner.java:340)
	at org.testng.SuiteRunner.run(SuiteRunner.java:289)
	at org.testng.SuiteRunnerWorker.runSuite(SuiteRunnerWorker.java:52)
	at org.testng.SuiteRunnerWorker.run(SuiteRunnerWorker.java:86)
	at org.testng.TestNG.runSuitesSequentially(TestNG.java:1301)
	at org.testng.TestNG.runSuitesLocally(TestNG.java:1226)
	at org.testng.TestNG.runSuites(TestNG.java:1144)
	at org.testng.TestNG.run(TestNG.java:1115)
	at org.testng.remote.AbstractRemoteTestNG.run(AbstractRemoteTestNG.java:114)
	at org.testng.remote.RemoteTestNG.initAndRun(RemoteTestNG.java:251)
	at org.testng.remote.RemoteTestNG.main(RemoteTestNG.java:77)
</pre></div></td>
<td>0</td>
<td>practice_TestNg.Testcase1_page@5cb9f472</td></tr>
<tr>
<td title='practice_TestNg.Testcase1_page.init()'><b>init</b><br>Test class: practice_TestNg.Testcase1_page</td>
<td></td>
<td>0</td>
<td>practice_TestNg.Testcase1_page@5cb9f472</td></tr>
<tr>
<td title='practice_TestNg.Testcase1_page.login()'><b>login</b><br>Test class: practice_TestNg.Testcase1_page<br>Parameters: apple_username, grapes_pwd</td>
<td></td>
<td>0</td>
<td>practice_TestNg.Testcase1_page@5cb9f472</td></tr>
<tr>
<td title='practice_TestNg.Testcase1_page.login()'><b>login</b><br>Test class: practice_TestNg.Testcase1_page<br>Parameters: pine, orange</td>
<td></td>
<td>0</td>
<td>practice_TestNg.Testcase1_page@5cb9f472</td></tr>
<tr>
<td title='practice_TestNg.Testcase3_group.login()'><b>login</b><br>Test class: practice_TestNg.Testcase3_group</td>
<td></td>
<td>0</td>
<td>practice_TestNg.Testcase3_group@4566e5bd</td></tr>
<tr>
<td title='practice_TestNg.Testcase3_group.login_title()'><b>login_title</b><br>Test class: practice_TestNg.Testcase3_group</td>
<td></td>
<td>0</td>
<td>practice_TestNg.Testcase3_group@4566e5bd</td></tr>
<tr>
<td title='practice_TestNg.Testcase1_page.open_browser()'><b>open_browser</b><br>Test class: practice_TestNg.Testcase1_page<br>Parameters: firefox</td>
<td></td>
<td>0</td>
<td>practice_TestNg.Testcase1_page@5cb9f472</td></tr>
<tr>
<td title='practice_TestNg.Testcase1_page.printtextmethod()'><b>printtextmethod</b><br>Test class: practice_TestNg.Testcase1_page</td>
<td></td>
<td>0</td>
<td>practice_TestNg.Testcase1_page@5cb9f472</td></tr>
</table><p>
<table width='100%' border='1' class='invocation-skipped'>
<tr><td colspan='4' align='center'><b>SKIPPED TESTS</b></td></tr>
<tr><td><b>Test method</b></td>
<td width="30%"><b>Exception</b></td>
<td width="10%"><b>Time (seconds)</b></td>
<td><b>Instance</b></td>
</tr>
<tr>
<td title='practice_TestNg.Testcase2_page.open_browser()'><b>open_browser</b><br>Test class: practice_TestNg.Testcase2_page</td>
<td><div><pre>org.testng.SkipException: Skipping - This is not ready for testing 
	at practice_TestNg.Testcase2_page.open_browser(Testcase2_page.java:23)
... Removed 25 stack frames</pre></div><a href='#' onClick='toggleBox("stack-trace868737467", this, "Click to show all stack frames", "Click to hide stack frames")'>Click to show all stack frames</a>
<div class='stack-trace' id='stack-trace868737467'><pre>org.testng.SkipException: Skipping - This is not ready for testing 
	at practice_TestNg.Testcase2_page.open_browser(Testcase2_page.java:23)
	at sun.reflect.NativeMethodAccessorImpl.invoke0(Native Method)
	at sun.reflect.NativeMethodAccessorImpl.invoke(Unknown Source)
	at sun.reflect.DelegatingMethodAccessorImpl.invoke(Unknown Source)
	at java.lang.reflect.Method.invoke(Unknown Source)
	at org.testng.internal.MethodInvocationHelper.invokeMethod(MethodInvocationHelper.java:108)
	at org.testng.internal.Invoker.invokeMethod(Invoker.java:661)
	at org.testng.internal.Invoker.invokeTestMethod(Invoker.java:869)
	at org.testng.internal.Invoker.invokeTestMethods(Invoker.java:1193)
	at org.testng.internal.TestMethodWorker.invokeTestMethods(TestMethodWorker.java:126)
	at org.testng.internal.TestMethodWorker.run(TestMethodWorker.java:109)
	at org.testng.TestRunner.privateRun(TestRunner.java:744)
	at org.testng.TestRunner.run(TestRunner.java:602)
	at org.testng.SuiteRunner.runTest(SuiteRunner.java:380)
	at org.testng.SuiteRunner.runSequentially(SuiteRunner.java:375)
	at org.testng.SuiteRunner.privateRun(SuiteRunner.java:340)
	at org.testng.SuiteRunner.run(SuiteRunner.java:289)
	at org.testng.SuiteRunnerWorker.runSuite(SuiteRunnerWorker.java:52)
	at org.testng.SuiteRunnerWorker.run(SuiteRunnerWorker.java:86)
	at org.testng.TestNG.runSuitesSequentially(TestNG.java:1301)
	at org.testng.TestNG.runSuitesLocally(TestNG.java:1226)
	at org.testng.TestNG.runSuites(TestNG.java:1144)
	at org.testng.TestNG.run(TestNG.java:1115)
	at org.testng.remote.AbstractRemoteTestNG.run(AbstractRemoteTestNG.java:114)
	at org.testng.remote.RemoteTestNG.initAndRun(RemoteTestNG.java:251)
	at org.testng.remote.RemoteTestNG.main(RemoteTestNG.java:77)
</pre></div></td>
<td>0</td>
<td>practice_TestNg.Testcase2_page@56ef9176</td></tr>
</table><p>
</body>
</html>