<?xml version="1.0" encoding="UTF-8"?>
<testng-results skipped="2" failed="0" ignored="0" total="4" passed="2">
  <reporter-output>
  </reporter-output>
  <suite name="Default suite" duration-ms="19178" started-at="2022-06-16T03:15:07Z" finished-at="2022-06-16T03:15:27Z">
    <groups>
    </groups>
    <test name="Default test" duration-ms="19178" started-at="2022-06-16T03:15:07Z" finished-at="2022-06-16T03:15:27Z">
      <class name="com.page.parabanktTESTRUNCASE.LoginTest">
        <test-method status="PASS" signature="openconnDB()[pri:0, instance:com.page.parabanktTESTRUNCASE.LoginTest@3af9c5b7]" name="openconnDB" is-config="true" duration-ms="689" started-at="2022-06-15T23:15:07Z" finished-at="2022-06-15T23:15:08Z">
          <reporter-output>
          </reporter-output>
        </test-method> <!-- openconnDB -->
        <test-method status="PASS" signature="init()[pri:0, instance:com.page.parabanktTESTRUNCASE.LoginTest@3af9c5b7]" name="init" duration-ms="7637" started-at="2022-06-15T23:15:08Z" finished-at="2022-06-15T23:15:16Z">
          <reporter-output>
          </reporter-output>
        </test-method> <!-- init -->
        <test-method status="SKIP" signature="readrunningmode(java.util.Hashtable)[pri:0, instance:com.page.parabanktTESTRUNCASE.LoginTest@3af9c5b7]" name="readrunningmode" duration-ms="11" started-at="2022-06-15T23:15:16Z" data-provider="getData" finished-at="2022-06-15T23:15:16Z">
          <params>
            <param index="0">
              <value>
                <![CDATA[{EXPECTED RESULT=SUCCESSFUL, Runmode=N, USERNAME=rekhasudiksha@gmail.com, BROWSER=Mozilla, PASSWORD=Sweety@123}]]>
              </value>
            </param>
          </params>
          <exception class="org.testng.SkipException">
            <message>
              <![CDATA[Skipping the test as runmode is N]]>
            </message>
            <full-stacktrace>
              <![CDATA[org.testng.SkipException: Skipping the test as runmode is N
	at com.page.parabanktTESTRUNCASE.LoginTest.readrunningmode(LoginTest.java:41)
	at sun.reflect.NativeMethodAccessorImpl.invoke0(Native Method)
	at sun.reflect.NativeMethodAccessorImpl.invoke(Unknown Source)
	at sun.reflect.DelegatingMethodAccessorImpl.invoke(Unknown Source)
	at java.lang.reflect.Method.invoke(Unknown Source)
	at org.testng.internal.MethodInvocationHelper.invokeMethod(MethodInvocationHelper.java:108)
	at org.testng.internal.Invoker.invokeMethod(Invoker.java:661)
	at org.testng.internal.Invoker.invokeTestMethod(Invoker.java:869)
	at org.testng.internal.Invoker.invokeTestMethods(Invoker.java:1193)
	at org.testng.internal.TestMethodWorker.invokeTestMethods(TestMethodWorker.java:126)
	at org.testng.internal.TestMethodWorker.run(TestMethodWorker.java:109)
	at org.testng.TestRunner.privateRun(TestRunner.java:744)
	at org.testng.TestRunner.run(TestRunner.java:602)
	at org.testng.SuiteRunner.runTest(SuiteRunner.java:380)
	at org.testng.SuiteRunner.runSequentially(SuiteRunner.java:375)
	at org.testng.SuiteRunner.privateRun(SuiteRunner.java:340)
	at org.testng.SuiteRunner.run(SuiteRunner.java:289)
	at org.testng.SuiteRunnerWorker.runSuite(SuiteRunnerWorker.java:52)
	at org.testng.SuiteRunnerWorker.run(SuiteRunnerWorker.java:86)
	at org.testng.TestNG.runSuitesSequentially(TestNG.java:1301)
	at org.testng.TestNG.runSuitesLocally(TestNG.java:1226)
	at org.testng.TestNG.runSuites(TestNG.java:1144)
	at org.testng.TestNG.run(TestNG.java:1115)
	at org.testng.remote.AbstractRemoteTestNG.run(AbstractRemoteTestNG.java:114)
	at org.testng.remote.RemoteTestNG.initAndRun(RemoteTestNG.java:251)
	at org.testng.remote.RemoteTestNG.main(RemoteTestNG.java:77)
]]>
            </full-stacktrace>
          </exception> <!-- org.testng.SkipException -->
          <reporter-output>
          </reporter-output>
        </test-method> <!-- readrunningmode -->
        <test-method status="PASS" signature="readrunningmode(java.util.Hashtable)[pri:0, instance:com.page.parabanktTESTRUNCASE.LoginTest@3af9c5b7]" name="readrunningmode" duration-ms="10343" started-at="2022-06-15T23:15:16Z" data-provider="getData" finished-at="2022-06-15T23:15:26Z">
          <params>
            <param index="0">
              <value>
                <![CDATA[{EXPECTED RESULT=SUCCESSFUL, Runmode=Y, USERNAME=praveen, BROWSER=Chrome, PASSWORD=swathi}]]>
              </value>
            </param>
          </params>
          <reporter-output>
          </reporter-output>
        </test-method> <!-- readrunningmode -->
        <test-method status="SKIP" signature="readrunningmode(java.util.Hashtable)[pri:0, instance:com.page.parabanktTESTRUNCASE.LoginTest@3af9c5b7]" name="readrunningmode" duration-ms="2" started-at="2022-06-15T23:15:26Z" data-provider="getData" finished-at="2022-06-15T23:15:26Z">
          <params>
            <param index="0">
              <value>
                <![CDATA[{EXPECTED RESULT=SUCCESSFUL, Runmode=N, USERNAME=rekhasudiksha@gmail.com, BROWSER=Chrome, PASSWORD=Sweety@123}]]>
              </value>
            </param>
          </params>
          <exception class="org.testng.SkipException">
            <message>
              <![CDATA[Skipping the test as runmode is N]]>
            </message>
            <full-stacktrace>
              <![CDATA[org.testng.SkipException: Skipping the test as runmode is N
	at com.page.parabanktTESTRUNCASE.LoginTest.readrunningmode(LoginTest.java:41)
	at sun.reflect.NativeMethodAccessorImpl.invoke0(Native Method)
	at sun.reflect.NativeMethodAccessorImpl.invoke(Unknown Source)
	at sun.reflect.DelegatingMethodAccessorImpl.invoke(Unknown Source)
	at java.lang.reflect.Method.invoke(Unknown Source)
	at org.testng.internal.MethodInvocationHelper.invokeMethod(MethodInvocationHelper.java:108)
	at org.testng.internal.Invoker.invokeMethod(Invoker.java:661)
	at org.testng.internal.Invoker.invokeTestMethod(Invoker.java:869)
	at org.testng.internal.Invoker.invokeTestMethods(Invoker.java:1193)
	at org.testng.internal.TestMethodWorker.invokeTestMethods(TestMethodWorker.java:126)
	at org.testng.internal.TestMethodWorker.run(TestMethodWorker.java:109)
	at org.testng.TestRunner.privateRun(TestRunner.java:744)
	at org.testng.TestRunner.run(TestRunner.java:602)
	at org.testng.SuiteRunner.runTest(SuiteRunner.java:380)
	at org.testng.SuiteRunner.runSequentially(SuiteRunner.java:375)
	at org.testng.SuiteRunner.privateRun(SuiteRunner.java:340)
	at org.testng.SuiteRunner.run(SuiteRunner.java:289)
	at org.testng.SuiteRunnerWorker.runSuite(SuiteRunnerWorker.java:52)
	at org.testng.SuiteRunnerWorker.run(SuiteRunnerWorker.java:86)
	at org.testng.TestNG.runSuitesSequentially(TestNG.java:1301)
	at org.testng.TestNG.runSuitesLocally(TestNG.java:1226)
	at org.testng.TestNG.runSuites(TestNG.java:1144)
	at org.testng.TestNG.run(TestNG.java:1115)
	at org.testng.remote.AbstractRemoteTestNG.run(AbstractRemoteTestNG.java:114)
	at org.testng.remote.RemoteTestNG.initAndRun(RemoteTestNG.java:251)
	at org.testng.remote.RemoteTestNG.main(RemoteTestNG.java:77)
]]>
            </full-stacktrace>
          </exception> <!-- org.testng.SkipException -->
          <reporter-output>
          </reporter-output>
        </test-method> <!-- readrunningmode -->
        <test-method status="PASS" signature="quit()[pri:0, instance:com.page.parabanktTESTRUNCASE.LoginTest@3af9c5b7]" name="quit" is-config="true" duration-ms="443" started-at="2022-06-15T23:15:26Z" finished-at="2022-06-15T23:15:27Z">
          <reporter-output>
          </reporter-output>
        </test-method> <!-- quit -->
      </class> <!-- com.page.parabanktTESTRUNCASE.LoginTest -->
    </test> <!-- Default test -->
  </suite> <!-- Default suite -->
</testng-results>
